<?xml version="1.0" encoding="UTF-8"?>
<!-- Generated by org.testng.reporters.JUnitXMLReporter -->
<testsuite hostname="DESKTOP-LE9U86J" name="Default test" tests="13" failures="0" timestamp="16 Mar 2020 07:03:58 GMT" time="37.417" errors="0">
  <testcase name="testLinkSpellings" time="0.044" classname="com.alsis.Faballey.MenuValidation"/>
  <testcase name="testLinkSpellings" time="0.001" classname="com.alsis.Faballey.MenuValidation"/>
  <testcase name="testLinkSpellings" time="0.0" classname="com.alsis.Faballey.MenuValidation"/>
  <testcase name="testLinkSpellings" time="0.0" classname="com.alsis.Faballey.MenuValidation"/>
  <testcase name="testLinkSpellings" time="0.0" classname="com.alsis.Faballey.MenuValidation"/>
  <testcase name="testLinkSpellings" time="0.0" classname="com.alsis.Faballey.MenuValidation"/>
  <testcase name="testLinkSpellings" time="0.0" classname="com.alsis.Faballey.MenuValidation"/>
  <testcase name="testLinkSpellings" time="0.0" classname="com.alsis.Faballey.MenuValidation"/>
  <testcase name="testLinkSpellings" time="0.0" classname="com.alsis.Faballey.MenuValidation"/>
  <testcase name="testLinkSpellings" time="0.0" classname="com.alsis.Faballey.MenuValidation"/>
  <testcase name="testLinkSpellings" time="0.0" classname="com.alsis.Faballey.MenuValidation"/>
  <testcase name="testLinksCount" time="0.001" classname="com.alsis.Faballey.MenuValidation"/>
  <testcase name="testLinksSeq" time="0.001" classname="com.alsis.Faballey.MenuValidation"/>
</testsuite> <!-- Default test -->
