<?xml version="1.0" encoding="UTF-8"?>
<testng-results skipped="0" failed="0" total="13" passed="13">
  <reporter-output>
  </reporter-output>
  <suite name="Default suite" duration-ms="37417" started-at="2020-03-16T07:03:20Z" finished-at="2020-03-16T07:03:58Z">
    <groups>
    </groups>
    <test name="Default test" duration-ms="37417" started-at="2020-03-16T07:03:20Z" finished-at="2020-03-16T07:03:58Z">
      <class name="com.alsis.Faballey.MenuValidation">
        <test-method status="PASS" signature="openBrowser()[pri:0, instance:com.alsis.Faballey.MenuValidation@16532d6]" name="openBrowser" is-config="true" duration-ms="7373" started-at="2020-03-16T12:33:13Z" finished-at="2020-03-16T12:33:20Z">
          <reporter-output>
          </reporter-output>
        </test-method> <!-- openBrowser -->
        <test-method status="PASS" signature="loadMenuForTesting()[pri:0, instance:com.alsis.Faballey.MenuValidation@16532d6]" name="loadMenuForTesting" is-config="true" duration-ms="37198" started-at="2020-03-16T12:33:21Z" finished-at="2020-03-16T12:33:58Z">
          <reporter-output>
          </reporter-output>
        </test-method> <!-- loadMenuForTesting -->
        <test-method status="PASS" signature="testLinkSpellings(java.lang.String)[pri:0, instance:com.alsis.Faballey.MenuValidation@16532d6]" name="testLinkSpellings" duration-ms="44" started-at="2020-03-16T12:33:58Z" data-provider="Menu" finished-at="2020-03-16T12:33:58Z">
          <params>
            <param index="0">
              <value>
                <![CDATA[NEW IN]]>
              </value>
            </param>
          </params>
          <reporter-output>
          </reporter-output>
        </test-method> <!-- testLinkSpellings -->
        <test-method status="PASS" signature="testLinkSpellings(java.lang.String)[pri:0, instance:com.alsis.Faballey.MenuValidation@16532d6]" name="testLinkSpellings" duration-ms="1" started-at="2020-03-16T12:33:58Z" data-provider="Menu" finished-at="2020-03-16T12:33:58Z">
          <params>
            <param index="0">
              <value>
                <![CDATA[THE EDIT]]>
              </value>
            </param>
          </params>
          <reporter-output>
          </reporter-output>
        </test-method> <!-- testLinkSpellings -->
        <test-method status="PASS" signature="testLinkSpellings(java.lang.String)[pri:0, instance:com.alsis.Faballey.MenuValidation@16532d6]" name="testLinkSpellings" duration-ms="0" started-at="2020-03-16T12:33:58Z" data-provider="Menu" finished-at="2020-03-16T12:33:58Z">
          <params>
            <param index="0">
              <value>
                <![CDATA[CLOTHING]]>
              </value>
            </param>
          </params>
          <reporter-output>
          </reporter-output>
        </test-method> <!-- testLinkSpellings -->
        <test-method status="PASS" signature="testLinkSpellings(java.lang.String)[pri:0, instance:com.alsis.Faballey.MenuValidation@16532d6]" name="testLinkSpellings" duration-ms="0" started-at="2020-03-16T12:33:58Z" data-provider="Menu" finished-at="2020-03-16T12:33:58Z">
          <params>
            <param index="0">
              <value>
                <![CDATA[TOPS]]>
              </value>
            </param>
          </params>
          <reporter-output>
          </reporter-output>
        </test-method> <!-- testLinkSpellings -->
        <test-method status="PASS" signature="testLinkSpellings(java.lang.String)[pri:0, instance:com.alsis.Faballey.MenuValidation@16532d6]" name="testLinkSpellings" duration-ms="0" started-at="2020-03-16T12:33:58Z" data-provider="Menu" finished-at="2020-03-16T12:33:58Z">
          <params>
            <param index="0">
              <value>
                <![CDATA[DRESSES]]>
              </value>
            </param>
          </params>
          <reporter-output>
          </reporter-output>
        </test-method> <!-- testLinkSpellings -->
        <test-method status="PASS" signature="testLinkSpellings(java.lang.String)[pri:0, instance:com.alsis.Faballey.MenuValidation@16532d6]" name="testLinkSpellings" duration-ms="0" started-at="2020-03-16T12:33:58Z" data-provider="Menu" finished-at="2020-03-16T12:33:58Z">
          <params>
            <param index="0">
              <value>
                <![CDATA[CURVE]]>
              </value>
            </param>
          </params>
          <reporter-output>
          </reporter-output>
        </test-method> <!-- testLinkSpellings -->
        <test-method status="PASS" signature="testLinkSpellings(java.lang.String)[pri:0, instance:com.alsis.Faballey.MenuValidation@16532d6]" name="testLinkSpellings" duration-ms="0" started-at="2020-03-16T12:33:58Z" data-provider="Menu" finished-at="2020-03-16T12:33:58Z">
          <params>
            <param index="0">
              <value>
                <![CDATA[ACCESSORIES]]>
              </value>
            </param>
          </params>
          <reporter-output>
          </reporter-output>
        </test-method> <!-- testLinkSpellings -->
        <test-method status="PASS" signature="testLinkSpellings(java.lang.String)[pri:0, instance:com.alsis.Faballey.MenuValidation@16532d6]" name="testLinkSpellings" duration-ms="0" started-at="2020-03-16T12:33:58Z" data-provider="Menu" finished-at="2020-03-16T12:33:58Z">
          <params>
            <param index="0">
              <value>
                <![CDATA[]]>
              </value>
            </param>
          </params>
          <reporter-output>
          </reporter-output>
        </test-method> <!-- testLinkSpellings -->
        <test-method status="PASS" signature="testLinkSpellings(java.lang.String)[pri:0, instance:com.alsis.Faballey.MenuValidation@16532d6]" name="testLinkSpellings" duration-ms="0" started-at="2020-03-16T12:33:58Z" data-provider="Menu" finished-at="2020-03-16T12:33:58Z">
          <params>
            <param index="0">
              <value>
                <![CDATA[LOOKBOOKS]]>
              </value>
            </param>
          </params>
          <reporter-output>
          </reporter-output>
        </test-method> <!-- testLinkSpellings -->
        <test-method status="PASS" signature="testLinkSpellings(java.lang.String)[pri:0, instance:com.alsis.Faballey.MenuValidation@16532d6]" name="testLinkSpellings" duration-ms="0" started-at="2020-03-16T12:33:58Z" data-provider="Menu" finished-at="2020-03-16T12:33:58Z">
          <params>
            <param index="0">
              <value>
                <![CDATA[SALE]]>
              </value>
            </param>
          </params>
          <reporter-output>
          </reporter-output>
        </test-method> <!-- testLinkSpellings -->
        <test-method status="PASS" signature="testLinkSpellings(java.lang.String)[pri:0, instance:com.alsis.Faballey.MenuValidation@16532d6]" name="testLinkSpellings" duration-ms="0" started-at="2020-03-16T12:33:58Z" data-provider="Menu" finished-at="2020-03-16T12:33:58Z">
          <params>
            <param index="0">
              <value>
                <![CDATA[SS'20 EDIT]]>
              </value>
            </param>
          </params>
          <reporter-output>
          </reporter-output>
        </test-method> <!-- testLinkSpellings -->
        <test-method status="PASS" signature="testLinksCount()[pri:0, instance:com.alsis.Faballey.MenuValidation@16532d6]" name="testLinksCount" duration-ms="1" started-at="2020-03-16T12:33:58Z" finished-at="2020-03-16T12:33:58Z">
          <reporter-output>
          </reporter-output>
        </test-method> <!-- testLinksCount -->
        <test-method status="PASS" signature="testLinksSeq()[pri:0, instance:com.alsis.Faballey.MenuValidation@16532d6]" name="testLinksSeq" duration-ms="1" started-at="2020-03-16T12:33:58Z" finished-at="2020-03-16T12:33:58Z">
          <reporter-output>
          </reporter-output>
        </test-method> <!-- testLinksSeq -->
        <test-method status="PASS" signature="closeBrowser()[pri:0, instance:com.alsis.Faballey.MenuValidation@16532d6]" name="closeBrowser" is-config="true" duration-ms="888" started-at="2020-03-16T12:33:58Z" finished-at="2020-03-16T12:33:59Z">
          <reporter-output>
          </reporter-output>
        </test-method> <!-- closeBrowser -->
      </class> <!-- com.alsis.Faballey.MenuValidation -->
    </test> <!-- Default test -->
  </suite> <!-- Default suite -->
</testng-results>
